<?xml version="1.0" encoding="UTF-8"?>
<testsuite xmlns:xsi="http://www.w3.org/2001/XMLSchema-instance" xsi:noNamespaceSchemaLocation="https://maven.apache.org/surefire/maven-surefire-plugin/xsd/surefire-test-report.xsd" version="3.0.2" name="com.engenharia_softeare.gerador_curriculo.GeradorCurriculoApplicationTests" time="5.031" tests="1" errors="0" skipped="0" failures="0">
  <properties>
[...]
</properties>
  <testcase name="contextLoads" classname="com.engenharia_softeare.gerador_curriculo.GeradorCurriculoApplicationTests" time="0.97">
    <system-out><![CDATA[14:32:52.204 [main] INFO org.springframework.test.context.support.AnnotationConfigContextLoaderUtils -- Could not detect default configuration classes for test class [com.engenharia_softeare.gerador_curriculo.GeradorCurriculoApplicationTests]: GeradorCurriculoApplicationTests does not declare any static, non-private, non-final, nested classes annotated with @Configuration.
14:32:52.424 [main] INFO org.springframework.boot.test.context.SpringBootTestContextBootstrapper -- Found @SpringBootConfiguration com.engenharia_softeare.gerador_curriculo.GeradorCurriculoApplication for test class com.engenharia_softeare.gerador_curriculo.GeradorCurriculoApplicationTests
14:32:52.717 [main] INFO org.springframework.boot.devtools.restart.RestartApplicationListener -- Restart disabled due to context in which it is running

  .   ____          _            __ _ _
 /\\ / ___'_ __ _ _(_)_ __  __ _ \ \ \ \
( ( )\___ | '_ | '_| | '_ \/ _` | \ \ \ \
 \\/  ___)| |_)| | | | | || (_| |  ) ) ) )
  '  |____| .__|_| |_|_| |_\__, | / / / /
 =========|_|==============|___/=/_/_/_/

 :: Spring Boot ::                (v3.5.5)

2025-10-06T14:32:53.153-03:00  INFO 9072 --- [gerador-curriculo] [           main] c.e.g.GeradorCurriculoApplicationTests   : Starting GeradorCurriculoApplicationTests using Java 21.0.7 with PID 9072 (started by bernardoburigo in /var/home/bernardoburigo/Desktop/Site Gerador de Currículo)
2025-10-06T14:32:53.157-03:00  INFO 9072 --- [gerador-curriculo] [           main] c.e.g.GeradorCurriculoApplicationTests   : No active profile set, falling back to 1 default profile: "default"
2025-10-06T14:32:55.986-03:00  INFO 9072 --- [gerador-curriculo] [           main] c.e.g.GeradorCurriculoApplicationTests   : Started GeradorCurriculoApplicationTests in 3.293 seconds (process running for 4.989)
]]></system-out>
    <system-err><![CDATA[Mockito is currently self-attaching to enable the inline-mock-maker. This will no longer work in future releases of the JDK. Please add Mockito as an agent to your build as described in Mockito's documentation: https://javadoc.io/doc/org.mockito/mockito-core/latest/org.mockito/org/mockito/Mockito.html#0.3
WARNING: A Java agent has been loaded dynamically (/home/bernardoburigo/.m2/repository/net/bytebuddy/byte-buddy-agent/1.17.7/byte-buddy-agent-1.17.7.jar)
WARNING: If a serviceability tool is in use, please run with -XX:+EnableDynamicAgentLoading to hide this warning
WARNING: If a serviceability tool is not in use, please run with -Djdk.instrument.traceUsage for more information
WARNING: Dynamic loading of agents will be disallowed by default in a future release
]]></system-err>
  </testcase>
</testsuite>